Arguments: 
  /home/william/.nvm/versions/node/v12.18.3/bin/node /usr/share/yarn/bin/yarn.js install --silent

PATH: 
  /home/william/google-cloud-sdk/bin:/home/william/.yarn/bin:/home/william/.nvm/versions/node/v12.18.3/bin:/home/william/.zinit/polaris/sbin:/home/william/.zinit/polaris/bin:/usr/local/sbin:/usr/local/bin:/usr/sbin:/usr/bin:/sbin:/bin:/usr/games:/usr/local/games

Yarn version: 
  1.22.4

Node version: 
  12.18.3

Platform: 
  linux x64

Trace: 
  Error: EEXIST: file already exists, symlink '../../../../tree-kill/cli.js' -> '/home/william/dev-studies/api-nest-mongo/node_modules/@nestjs/cli/node_modules/.bin/tree-kill'

npm manifest: 
  {
    "name": "api-nest-mongo",
    "version": "0.0.1",
    "description": "",
    "author": "",
    "private": true,
    "license": "UNLICENSED",
    "scripts": {
      "prebuild": "rimraf dist",
      "build": "nest build",
      "format": "prettier --write \"src/**/*.ts\" \"test/**/*.ts\"",
      "start": "nest start",
      "start:dev": "nest start --watch",
      "start:debug": "nest start --debug --watch",
      "start:prod": "node dist/main",
      "lint": "eslint \"{src,apps,libs,test}/**/*.ts\" --fix",
      "test": "jest",
      "test:watch": "jest --watch",
      "test:cov": "jest --coverage",
      "test:debug": "node --inspect-brk -r tsconfig-paths/register -r ts-node/register node_modules/.bin/jest --runInBand",
      "test:e2e": "jest --config ./test/jest-e2e.json"
    },
    "dependencies": {
      "@nestjs/common": "^7.0.0",
      "@nestjs/core": "^7.0.0",
      "@nestjs/platform-express": "^7.0.0",
      "reflect-metadata": "^0.1.13",
      "rimraf": "^3.0.2",
      "rxjs": "^6.5.4"
    },
    "devDependencies": {
      "@nestjs/cli": "^7.0.0",
      "@nestjs/schematics": "^7.0.0",
      "@nestjs/testing": "^7.0.0",
      "@types/express": "^4.17.3",
      "@types/jest": "26.0.10",
      "@types/node": "^13.9.1",
      "@types/supertest": "^2.0.8",
      "@typescript-eslint/eslint-plugin": "3.9.1",
      "@typescript-eslint/parser": "3.9.1",
      "eslint": "7.7.0",
      "eslint-config-prettier": "^6.10.0",
      "eslint-plugin-import": "^2.20.1",
      "jest": "26.4.2",
      "prettier": "^1.19.1",
      "supertest": "^4.0.2",
      "ts-jest": "26.2.0",
      "ts-loader": "^6.2.1",
      "ts-node": "9.0.0",
      "tsconfig-paths": "^3.9.0",
      "typescript": "^3.7.4"
    },
    "jest": {
      "moduleFileExtensions": [
        "js",
        "json",
        "ts"
      ],
      "rootDir": "src",
      "testRegex": ".spec.ts$",
      "transform": {
        "^.+\\.(t|j)s$": "ts-jest"
      },
      "coverageDirectory": "../coverage",
      "testEnvironment": "node"
    }
  }

yarn manifest: 
  No manifest

Lockfile: 
  No lockfile
